mode: set
gofr_cardealership/services/mockinterface.go:28.51,32.2 3 1
gofr_cardealership/services/mockinterface.go:35.49,37.2 1 1
gofr_cardealership/services/mockinterface.go:40.86,46.2 5 1
gofr_cardealership/services/mockinterface.go:49.79,52.2 2 1
gofr_cardealership/services/mockinterface.go:55.71,60.2 4 1
gofr_cardealership/services/mockinterface.go:63.79,66.2 2 1
gofr_cardealership/services/mockinterface.go:69.82,75.2 5 1
gofr_cardealership/services/mockinterface.go:78.76,81.2 2 1
gofr_cardealership/services/mockinterface.go:84.99,90.2 5 1
gofr_cardealership/services/mockinterface.go:93.89,96.2 2 1
gofr_cardealership/services/mockinterface.go:99.86,105.2 5 1
gofr_cardealership/services/mockinterface.go:108.79,111.2 2 1
gofr_cardealership/services/mockinterface.go:125.57,129.2 3 1
gofr_cardealership/services/mockinterface.go:132.55,134.2 1 1
gofr_cardealership/services/mockinterface.go:137.98,143.2 5 1
gofr_cardealership/services/mockinterface.go:146.85,149.2 2 1
gofr_cardealership/services/mockinterface.go:152.77,157.2 4 1
gofr_cardealership/services/mockinterface.go:160.85,163.2 2 1
gofr_cardealership/services/mockinterface.go:166.91,172.2 5 1
gofr_cardealership/services/mockinterface.go:175.82,178.2 2 1
gofr_cardealership/services/mockinterface.go:181.98,187.2 5 1
gofr_cardealership/services/mockinterface.go:190.85,193.2 2 1
gofr_cardealership/services/service.go:15.36,17.2 1 1
gofr_cardealership/services/service.go:20.38,21.40 1 1
gofr_cardealership/services/service.go:25.2,26.57 1 1
gofr_cardealership/services/service.go:30.2,30.88 1 1
gofr_cardealership/services/service.go:34.2,34.58 1 1
gofr_cardealership/services/service.go:48.2,48.28 1 1
gofr_cardealership/services/service.go:62.2,62.12 1 1
gofr_cardealership/services/service.go:21.40,23.3 1 1
gofr_cardealership/services/service.go:26.57,28.3 1 1
gofr_cardealership/services/service.go:30.88,32.3 1 1
gofr_cardealership/services/service.go:34.58,35.35 1 1
gofr_cardealership/services/service.go:39.3,39.36 1 1
gofr_cardealership/services/service.go:43.3,43.29 1 1
gofr_cardealership/services/service.go:35.35,37.4 1 1
gofr_cardealership/services/service.go:39.36,41.4 1 1
gofr_cardealership/services/service.go:43.29,45.4 1 1
gofr_cardealership/services/service.go:48.28,49.35 1 1
gofr_cardealership/services/service.go:53.3,53.36 1 1
gofr_cardealership/services/service.go:57.3,57.28 1 1
gofr_cardealership/services/service.go:49.35,51.4 1 1
gofr_cardealership/services/service.go:53.36,55.4 1 1
gofr_cardealership/services/service.go:57.28,59.4 1 1
gofr_cardealership/services/service.go:66.81,68.16 2 1
gofr_cardealership/services/service.go:72.2,74.16 2 1
gofr_cardealership/services/service.go:78.2,82.16 3 1
gofr_cardealership/services/service.go:86.2,88.20 2 1
gofr_cardealership/services/service.go:68.16,70.3 1 1
gofr_cardealership/services/service.go:74.16,76.3 1 1
gofr_cardealership/services/service.go:82.16,84.3 1 1
gofr_cardealership/services/service.go:91.80,95.16 2 1
gofr_cardealership/services/service.go:99.2,101.16 2 1
gofr_cardealership/services/service.go:105.2,107.15 2 1
gofr_cardealership/services/service.go:95.16,97.3 1 1
gofr_cardealership/services/service.go:101.16,103.3 1 1
gofr_cardealership/services/service.go:111.65,113.16 2 1
gofr_cardealership/services/service.go:117.2,118.16 2 1
gofr_cardealership/services/service.go:122.2,123.16 2 1
gofr_cardealership/services/service.go:127.2,127.12 1 1
gofr_cardealership/services/service.go:113.16,115.3 1 1
gofr_cardealership/services/service.go:118.16,120.3 1 1
gofr_cardealership/services/service.go:123.16,125.3 1 1
gofr_cardealership/services/service.go:131.81,133.16 2 1
gofr_cardealership/services/service.go:137.2,138.16 2 1
gofr_cardealership/services/service.go:142.2,143.16 2 1
gofr_cardealership/services/service.go:147.2,150.16 3 1
gofr_cardealership/services/service.go:154.2,156.18 2 1
gofr_cardealership/services/service.go:133.16,135.3 1 1
gofr_cardealership/services/service.go:138.16,140.3 1 1
gofr_cardealership/services/service.go:143.16,145.3 1 1
gofr_cardealership/services/service.go:150.16,152.3 1 1
gofr_cardealership/services/service.go:160.92,162.41 1 1
gofr_cardealership/services/service.go:166.2,167.16 2 1
gofr_cardealership/services/service.go:171.2,171.14 1 1
gofr_cardealership/services/service.go:183.2,183.17 1 0
gofr_cardealership/services/service.go:162.41,164.3 1 1
gofr_cardealership/services/service.go:167.16,169.3 1 1
gofr_cardealership/services/service.go:171.14,172.33 1 1
gofr_cardealership/services/service.go:172.33,175.17 2 1
gofr_cardealership/services/service.go:179.4,179.27 1 0
gofr_cardealership/services/service.go:175.17,177.5 1 1
