mode: set
petstore/services/mockinterface.go:28.55,32.2 3 1
petstore/services/mockinterface.go:35.53,37.2 1 1
petstore/services/mockinterface.go:40.84,46.2 5 1
petstore/services/mockinterface.go:49.76,52.2 2 1
petstore/services/mockinterface.go:55.83,61.2 5 1
petstore/services/mockinterface.go:64.74,67.2 2 1
petstore/services/service.go:15.27,17.2 1 1
petstore/services/service.go:20.87,21.82 1 1
petstore/services/service.go:25.2,25.27 1 1
petstore/services/service.go:31.2,31.26 1 1
petstore/services/service.go:37.2,37.26 1 1
petstore/services/service.go:43.2,44.16 2 1
petstore/services/service.go:48.2,48.18 1 1
petstore/services/service.go:21.82,23.3 1 1
petstore/services/service.go:25.27,26.19 1 1
petstore/services/service.go:26.19,28.4 1 1
petstore/services/service.go:31.26,32.33 1 1
petstore/services/service.go:32.33,34.4 1 1
petstore/services/service.go:37.26,38.33 1 1
petstore/services/service.go:38.33,40.4 1 1
petstore/services/service.go:44.16,46.3 1 1
petstore/services/service.go:52.88,54.16 2 1
petstore/services/service.go:58.2,58.17 1 1
petstore/services/service.go:54.16,56.3 1 1
petstore/stores/stores.go:16.24,18.2 1 1
petstore/stores/stores.go:21.75,26.16 3 1
petstore/stores/stores.go:30.2,30.17 1 1
petstore/stores/stores.go:26.16,28.3 1 1
petstore/stores/stores.go:34.76,41.16 4 1
petstore/stores/stores.go:45.2,45.17 1 1
petstore/stores/stores.go:41.16,43.3 1 1
petstore/stores/stores.go:48.61,50.16 2 1
petstore/stores/stores.go:53.2,53.12 1 1
petstore/stores/stores.go:50.16,52.3 1 1
petstore/handlers/mockinterfaces.go:28.59,32.2 3 1
petstore/handlers/mockinterfaces.go:35.57,37.2 1 1
petstore/handlers/mockinterfaces.go:40.93,46.2 5 1
petstore/handlers/mockinterfaces.go:49.85,52.2 2 1
petstore/handlers/mockinterfaces.go:55.92,61.2 5 1
petstore/handlers/mockinterfaces.go:64.83,67.2 2 1
petstore/handlers/handler.go:17.29,19.2 1 1
petstore/handlers/handler.go:22.69,28.16 4 1
petstore/handlers/handler.go:34.2,37.16 3 1
petstore/handlers/handler.go:42.2,43.16 2 1
petstore/handlers/handler.go:49.2,50.16 2 1
petstore/handlers/handler.go:55.2,58.16 3 1
petstore/handlers/handler.go:28.16,32.3 3 0
petstore/handlers/handler.go:37.16,40.3 2 1
petstore/handlers/handler.go:43.16,47.3 3 1
petstore/handlers/handler.go:50.16,53.3 2 0
petstore/handlers/handler.go:58.16,60.3 1 0
petstore/handlers/handler.go:64.66,73.16 6 1
petstore/handlers/handler.go:78.2,79.16 2 1
petstore/handlers/handler.go:84.2,85.16 2 1
petstore/handlers/handler.go:90.2,93.16 3 1
petstore/handlers/handler.go:73.16,76.3 2 1
petstore/handlers/handler.go:79.16,82.3 2 1
petstore/handlers/handler.go:85.16,88.3 2 0
petstore/handlers/handler.go:93.16,95.3 1 0
